<?xml version="1.0" encoding="UTF-8"?>
<testng-results skipped="0" failed="0" total="1" passed="1">
  <reporter-output>
  </reporter-output>
  <suite name="Default suite" duration-ms="72291" started-at="2018-02-07T16:01:47Z" finished-at="2018-02-07T16:02:59Z">
    <groups>
    </groups>
    <test name="Default test" duration-ms="72291" started-at="2018-02-07T16:01:47Z" finished-at="2018-02-07T16:02:59Z">
      <class name="Enel.ADOPdemo.createDealerInSalesCloud">
        <test-method status="PASS" signature="updateDealer()[pri:0, instance:Enel.ADOPdemo.createDealerInSalesCloud@5f375618]" name="updateDealer" duration-ms="72268" started-at="2018-02-07T21:31:47Z" finished-at="2018-02-07T21:32:59Z">
          <reporter-output>
          </reporter-output>
        </test-method> <!-- updateDealer -->
      </class> <!-- Enel.ADOPdemo.createDealerInSalesCloud -->
    </test> <!-- Default test -->
  </suite> <!-- Default suite -->
</testng-results>
