<?xml version="1.0" encoding="UTF-8"?>
<testng-results skipped="0" failed="0" total="1" passed="1">
  <reporter-output>
  </reporter-output>
  <suite name="EnelDemoSuite" duration-ms="82588" started-at="2018-02-23T17:05:19Z" finished-at="2018-02-23T17:06:42Z">
    <groups>
    </groups>
    <test name="UpdateDealer" duration-ms="82588" started-at="2018-02-23T17:05:19Z" finished-at="2018-02-23T17:06:42Z">
      <class name="Enel.ADOPdemo.createDealerInSalesCloud">
        <test-method status="PASS" signature="updateDealer(java.lang.String, java.lang.String, java.lang.String, java.lang.String, java.lang.String)[pri:0, instance:Enel.ADOPdemo.createDealerInSalesCloud@4439f31e]" name="updateDealer" duration-ms="82568" started-at="2018-02-23T22:35:19Z" finished-at="2018-02-23T22:36:42Z">
          <params>
            <param index="0">
              <value>
                <![CDATA[https://test.salesforce.com]]>
              </value>
            </param>
            <param index="1">
              <value>
                <![CDATA[karan.k.kansagra@accenture.com.fsdfdev]]>
              </value>
            </param>
            <param index="2">
              <value>
                <![CDATA[salesforce1]]>
              </value>
            </param>
            <param index="3">
              <value>
                <![CDATA[Honda]]>
              </value>
            </param>
            <param index="4">
              <value>
                <![CDATA[560037]]>
              </value>
            </param>
          </params>
          <reporter-output>
          </reporter-output>
        </test-method> <!-- updateDealer -->
      </class> <!-- Enel.ADOPdemo.createDealerInSalesCloud -->
    </test> <!-- UpdateDealer -->
  </suite> <!-- EnelDemoSuite -->
</testng-results>
